This file contains any messages produced by compilers while
running configure, to aid debugging if configure makes a mistake.

It was created by curl configure -, which was
generated by GNU Autoconf 2.71.  Invocation command line was

  $ ./configure

## --------- ##
## Platform. ##
## --------- ##

hostname = osboxes
uname -m = x86_64
uname -r = 6.5.0-9-generic
uname -s = Linux
uname -v = #9-Ubuntu SMP PREEMPT_DYNAMIC Sat Oct  7 01:35:40 UTC 2023

/usr/bin/uname -p = x86_64
/bin/uname -X     = unknown

/bin/arch              = x86_64
/usr/bin/arch -k       = unknown
/usr/convex/getsysinfo = unknown
/usr/bin/hostinfo      = unknown
/bin/machine           = unknown
/usr/bin/oslevel       = unknown
/bin/universe          = unknown

PATH: /usr/local/sbin/
PATH: /usr/local/bin/
PATH: /usr/sbin/
PATH: /usr/bin/
PATH: /sbin/
PATH: /bin/
PATH: /usr/games/
PATH: /usr/local/games/
PATH: /snap/bin/


## ----------- ##
## Core tests. ##
## ----------- ##

configure:3334: looking for aux files: ltmain.sh config.guess config.sub missing compile install-sh
configure:3347:  trying ./
configure:3376:   ./ltmain.sh found
configure:3376:   ./config.guess found
configure:3376:   ./config.sub found
configure:3376:   ./missing found
configure:3376:   ./compile found
configure:3358:   ./install-sh found
configure:3502: checking whether to enable maintainer-specific portions of Makefiles
configure:3512: result: no
configure:3537: checking whether make supports nested variables
configure:3555: result: yes
configure:3568: checking whether to enable debug build options
configure:3591: result: no
configure:3595: checking whether to enable compiler optimizer
configure:3617: result: (assumed) yes
configure:3629: checking whether to enable strict compiler warnings
configure:3649: result: no
configure:3653: checking whether to enable compiler warnings as errors
configure:3673: result: no
configure:3677: checking whether to enable curl debug memory tracking
configure:3700: result: no
configure:3717: checking whether to enable hiding of library internal symbols
configure:3734: result: yes
configure:3745: checking whether to enable c-ares for DNS lookups
configure:3768: result: no
configure:3772: checking whether to disable dependency on -lrt
configure:3789: result: (assumed no)
configure:3800: checking whether to enable ECH support
configure:3819: result: no
configure:3850: checking for path separator
configure:3852: result: :
configure:3872: checking for sed
configure:3896: found /usr/bin/sed
configure:3909: result: /usr/bin/sed
configure:3926: checking for grep
configure:3950: found /usr/bin/grep
configure:3963: result: /usr/bin/grep
configure:3978: checking that grep -E works
configure:3982: result: yes
configure:4094: checking for ar
configure:4118: found /usr/bin/ar
configure:4130: result: /usr/bin/ar
configure:4351: checking for a BSD-compatible install
configure:4424: result: /usr/bin/install -c
configure:4501: checking for gcc
configure:4522: found /usr/bin/gcc
configure:4533: result: gcc
configure:4886: checking for C compiler version
configure:4895: gcc --version >&5
gcc (Ubuntu 13.2.0-4ubuntu3) 13.2.0
Copyright (C) 2023 Free Software Foundation, Inc.
This is free software; see the source for copying conditions.  There is NO
warranty; not even for MERCHANTABILITY or FITNESS FOR A PARTICULAR PURPOSE.

configure:4906: $? = 0
configure:4895: gcc -v >&5
Using built-in specs.
COLLECT_GCC=gcc
COLLECT_LTO_WRAPPER=/usr/libexec/gcc/x86_64-linux-gnu/13/lto-wrapper
OFFLOAD_TARGET_NAMES=nvptx-none:amdgcn-amdhsa
OFFLOAD_TARGET_DEFAULT=1
Target: x86_64-linux-gnu
Configured with: ../src/configure -v --with-pkgversion='Ubuntu 13.2.0-4ubuntu3' --with-bugurl=file:///usr/share/doc/gcc-13/README.Bugs --enable-languages=c,ada,c++,go,d,fortran,objc,obj-c++,m2 --prefix=/usr --with-gcc-major-version-only --program-suffix=-13 --program-prefix=x86_64-linux-gnu- --enable-shared --enable-linker-build-id --libexecdir=/usr/libexec --without-included-gettext --enable-threads=posix --libdir=/usr/lib --enable-nls --enable-bootstrap --enable-clocale=gnu --enable-libstdcxx-debug --enable-libstdcxx-time=yes --with-default-libstdcxx-abi=new --enable-gnu-unique-object --disable-vtable-verify --enable-plugin --enable-default-pie --with-system-zlib --enable-libphobos-checking=release --with-target-system-zlib=auto --enable-objc-gc=auto --enable-multiarch --disable-werror --enable-cet --with-arch-32=i686 --with-abi=m64 --with-multilib-list=m32,m64,mx32 --enable-multilib --with-tune=generic --enable-offload-targets=nvptx-none=/build/gcc-13-XYspKM/gcc-13-13.2.0/debian/tmp-nvptx/usr,amdgcn-amdhsa=/build/gcc-13-XYspKM/gcc-13-13.2.0/debian/tmp-gcn/usr --enable-offload-defaulted --without-cuda-driver --enable-checking=release --build=x86_64-linux-gnu --host=x86_64-linux-gnu --target=x86_64-linux-gnu --with-build-config=bootstrap-lto-lean --enable-link-serialization=2
Thread model: posix
Supported LTO compression algorithms: zlib zstd
gcc version 13.2.0 (Ubuntu 13.2.0-4ubuntu3) 
... rest of stderr output deleted ...
configure:4906: $? = 0
configure:4895: gcc -V >&5
gcc: error: unrecognized command-line option '-V'
gcc: fatal error: no input files
compilation terminated.
configure:4906: $? = 1
configure:4895: gcc -qversion >&5
gcc: error: unrecognized command-line option '-qversion'; did you mean '--version'?
gcc: fatal error: no input files
compilation terminated.
configure:4906: $? = 1
configure:4895: gcc -version >&5
gcc: error: unrecognized command-line option '-version'
gcc: fatal error: no input files
compilation terminated.
configure:4906: $? = 1
configure:4925: checking whether the C compiler works
configure:4947: gcc    conftest.c  >&5
configure:4951: $? = 0
configure:5001: result: yes
configure:5004: checking for C compiler default output file name
configure:5006: result: a.out
configure:5012: checking for suffix of executables
configure:5019: gcc -o conftest    conftest.c  >&5
configure:5023: $? = 0
configure:5046: result: 
configure:5067: checking whether we are cross compiling
configure:5075: gcc -o conftest    conftest.c  >&5
configure:5079: $? = 0
configure:5086: ./conftest
configure:5090: $? = 0
configure:5105: result: no
configure:5110: checking for suffix of object files
configure:5132: gcc -c   conftest.c >&5
configure:5136: $? = 0
configure:5158: result: o
configure:5162: checking whether the compiler supports GNU C
configure:5181: gcc -c   conftest.c >&5
configure:5181: $? = 0
configure:5191: result: yes
configure:5202: checking whether gcc accepts -g
configure:5222: gcc -c -g  conftest.c >&5
configure:5222: $? = 0
configure:5264: result: yes
configure:5284: checking for gcc option to enable C11 features
configure:5299: gcc  -c -g -O2  conftest.c >&5
configure:5299: $? = 0
configure:5317: result: none needed
configure:5433: checking whether gcc understands -c and -o together
configure:5455: gcc -c conftest.c -o conftest2.o
configure:5458: $? = 0
configure:5455: gcc -c conftest.c -o conftest2.o
configure:5458: $? = 0
configure:5470: result: yes
configure:5493: checking how to run the C preprocessor
configure:5519: gcc -E  conftest.c
configure:5519: $? = 0
configure:5534: gcc -E  conftest.c
conftest.c:9:10: fatal error: ac_nonexistent.h: No such file or directory
    9 | #include <ac_nonexistent.h>
      |          ^~~~~~~~~~~~~~~~~~
compilation terminated.
configure:5534: $? = 1
configure: failed program was:
| /* confdefs.h */
| #define PACKAGE_NAME "curl"
| #define PACKAGE_TARNAME "curl"
| #define PACKAGE_VERSION "-"
| #define PACKAGE_STRING "curl -"
| #define PACKAGE_BUGREPORT "a suitable curl mailing list: https://curl.se/mail/"
| #define PACKAGE_URL ""
| /* end confdefs.h.  */
| #include <ac_nonexistent.h>
configure:5561: result: gcc -E
configure:5575: gcc -E  conftest.c
configure:5575: $? = 0
configure:5590: gcc -E  conftest.c
conftest.c:9:10: fatal error: ac_nonexistent.h: No such file or directory
    9 | #include <ac_nonexistent.h>
      |          ^~~~~~~~~~~~~~~~~~
compilation terminated.
configure:5590: $? = 1
configure: failed program was:
| /* confdefs.h */
| #define PACKAGE_NAME "curl"
| #define PACKAGE_TARNAME "curl"
| #define PACKAGE_VERSION "-"
| #define PACKAGE_STRING "curl -"
| #define PACKAGE_BUGREPORT "a suitable curl mailing list: https://curl.se/mail/"
| #define PACKAGE_URL ""
| /* end confdefs.h.  */
| #include <ac_nonexistent.h>
configure:5636: checking for stdio.h
configure:5636: gcc -c   conftest.c >&5
configure:5636: $? = 0
configure:5636: result: yes
configure:5636: checking for stdlib.h
configure:5636: gcc -c   conftest.c >&5
configure:5636: $? = 0
configure:5636: result: yes
configure:5636: checking for string.h
configure:5636: gcc -c   conftest.c >&5
configure:5636: $? = 0
configure:5636: result: yes
configure:5636: checking for inttypes.h
configure:5636: gcc -c   conftest.c >&5
configure:5636: $? = 0
configure:5636: result: yes
configure:5636: checking for stdint.h
configure:5636: gcc -c   conftest.c >&5
configure:5636: $? = 0
configure:5636: result: yes
configure:5636: checking for strings.h
configure:5636: gcc -c   conftest.c >&5
configure:5636: $? = 0
configure:5636: result: yes
configure:5636: checking for sys/stat.h
configure:5636: gcc -c   conftest.c >&5
configure:5636: $? = 0
configure:5636: result: yes
configure:5636: checking for sys/types.h
configure:5636: gcc -c   conftest.c >&5
configure:5636: $? = 0
configure:5636: result: yes
configure:5636: checking for unistd.h
configure:5636: gcc -c   conftest.c >&5
configure:5636: $? = 0
configure:5636: result: yes
configure:5664: checking for stdatomic.h
configure:5664: gcc -c   conftest.c >&5
configure:5664: $? = 0
configure:5664: result: yes
configure:5669: checking if _Atomic is available
configure:5688: gcc -o conftest    conftest.c  >&5
configure:5688: $? = 0
configure:5691: result: yes
configure:5713: checking for a sed that does not truncate output
configure:5783: result: /usr/bin/sed
configure:5791: checking for code coverage support
configure:5807: result: no
configure:5972: checking whether build environment is sane
configure:6027: result: yes
configure:6182: checking for a race-free mkdir -p
configure:6226: result: /usr/bin/mkdir -p
configure:6233: checking for gawk
configure:6268: result: no
configure:6233: checking for mawk
configure:6254: found /usr/bin/mawk
configure:6265: result: mawk
configure:6276: checking whether make sets $(MAKE)
configure:6299: result: yes
configure:6321: checking whether make supports the include directive
configure:6336: make -f confmf.GNU && cat confinc.out
make[1]: Entering directory '/home/osboxes/Downloads/curl-8.6.0'
make[1]: Leaving directory '/home/osboxes/Downloads/curl-8.6.0'
this is the am__doit target
configure:6339: $? = 0
configure:6358: result: yes (GNU style)
configure:6455: checking dependency style of gcc
configure:6567: result: gcc3
configure:6644: checking curl version
configure:6646: result: 8.6.0
configure:6942: checking for httpd
configure:6980: result: no
configure:6988: checking for apache2
configure:7026: result: no
configure:7034: checking for apachectl
configure:7072: result: no
configure:7079: checking for apxs
configure:7117: result: no
configure:7123: httpd/apache2 not in PATH, http tests disabled
configure:7128: apxs not in PATH, http tests disabled
configure:7168: checking for nghttpx
configure:7207: result: no
configure:7220: checking for caddy
configure:7258: result: no
configure:7268: error: select TLS backend(s) or disable TLS with --without-ssl.

Select from these:

  --with-amissl
  --with-bearssl
  --with-gnutls
  --with-mbedtls
  --with-openssl (also works for BoringSSL and libressl)
  --with-rustls
  --with-schannel
  --with-secure-transport
  --with-wolfssl


## ---------------- ##
## Cache variables. ##
## ---------------- ##

ac_cv_c_compiler_gnu=yes
ac_cv_env_CC_set=
ac_cv_env_CC_value=
ac_cv_env_CFLAGS_set=
ac_cv_env_CFLAGS_value=
ac_cv_env_CPPFLAGS_set=
ac_cv_env_CPPFLAGS_value=
ac_cv_env_CPP_set=
ac_cv_env_CPP_value=
ac_cv_env_LDFLAGS_set=
ac_cv_env_LDFLAGS_value=
ac_cv_env_LIBS_set=
ac_cv_env_LIBS_value=
ac_cv_env_LT_SYS_LIBRARY_PATH_set=
ac_cv_env_LT_SYS_LIBRARY_PATH_value=
ac_cv_env_build_alias_set=
ac_cv_env_build_alias_value=
ac_cv_env_host_alias_set=
ac_cv_env_host_alias_value=
ac_cv_env_target_alias_set=
ac_cv_env_target_alias_value=
ac_cv_header_inttypes_h=yes
ac_cv_header_stdatomic_h=yes
ac_cv_header_stdint_h=yes
ac_cv_header_stdio_h=yes
ac_cv_header_stdlib_h=yes
ac_cv_header_string_h=yes
ac_cv_header_strings_h=yes
ac_cv_header_sys_stat_h=yes
ac_cv_header_sys_types_h=yes
ac_cv_header_unistd_h=yes
ac_cv_objext=o
ac_cv_path_GREP=/usr/bin/grep
ac_cv_path_SED=/usr/bin/sed
ac_cv_path_ac_pt_AR=/usr/bin/ar
ac_cv_path_install='/usr/bin/install -c'
ac_cv_path_mkdir=/usr/bin/mkdir
ac_cv_prog_AWK=mawk
ac_cv_prog_CPP='gcc -E'
ac_cv_prog_ac_ct_CC=gcc
ac_cv_prog_cc_c11=
ac_cv_prog_cc_g=yes
ac_cv_prog_cc_stdc=
ac_cv_prog_make_make_set=yes
am_cv_CC_dependencies_compiler_type=gcc3
am_cv_make_support_nested_variables=yes
am_cv_prog_cc_c_o=yes

## ----------------- ##
## Output variables. ##
## ----------------- ##

ACLOCAL='${SHELL} '\''/home/osboxes/Downloads/curl-8.6.0/missing'\'' aclocal-1.16'
AMDEPBACKSLASH='\'
AMDEP_FALSE='#'
AMDEP_TRUE=''
AMTAR='$${TAR-tar}'
AM_BACKSLASH='\'
AM_DEFAULT_V='$(AM_DEFAULT_VERBOSITY)'
AM_DEFAULT_VERBOSITY='0'
AM_V='$(V)'
APACHECTL=''
APXS=''
AR='/usr/bin/ar'
AR_FLAGS=''
AS=''
AUTOCONF='${SHELL} '\''/home/osboxes/Downloads/curl-8.6.0/missing'\'' autoconf'
AUTOHEADER='${SHELL} '\''/home/osboxes/Downloads/curl-8.6.0/missing'\'' autoheader'
AUTOMAKE='${SHELL} '\''/home/osboxes/Downloads/curl-8.6.0/missing'\'' automake-1.16'
AWK='mawk'
BLANK_AT_MAKETIME=''
BUILD_LIBHOSTNAME_FALSE=''
BUILD_LIBHOSTNAME_TRUE=''
BUILD_STUB_GSS_FALSE=''
BUILD_STUB_GSS_TRUE=''
BUILD_UNITTESTS_FALSE=''
BUILD_UNITTESTS_TRUE=''
CADDY=''
CC='gcc'
CCDEPMODE='depmode=gcc3'
CFLAGS=''
CFLAG_CURL_SYMBOL_HIDING=''
CONFIGURE_OPTIONS='""'
CPP='gcc -E'
CPPFLAGS=''
CPPFLAG_CURL_STATICLIB=''
CROSSCOMPILING_FALSE=''
CROSSCOMPILING_TRUE=''
CSCOPE='cscope'
CTAGS='ctags'
CURLDEBUG_FALSE=''
CURLDEBUG_TRUE=''
CURLVERSION='8.6.0'
CURL_CA_BUNDLE=''
CURL_CFLAG_EXTRAS=''
CURL_DISABLE_DICT=''
CURL_DISABLE_FILE=''
CURL_DISABLE_FTP=''
CURL_DISABLE_GOPHER=''
CURL_DISABLE_HTTP=''
CURL_DISABLE_IMAP=''
CURL_DISABLE_LDAP=''
CURL_DISABLE_LDAPS=''
CURL_DISABLE_MQTT=''
CURL_DISABLE_POP3=''
CURL_DISABLE_PROXY=''
CURL_DISABLE_RTSP=''
CURL_DISABLE_SMB=''
CURL_DISABLE_SMTP=''
CURL_DISABLE_TELNET=''
CURL_DISABLE_TFTP=''
CURL_LT_SHLIB_USE_MIMPURE_TEXT_FALSE=''
CURL_LT_SHLIB_USE_MIMPURE_TEXT_TRUE=''
CURL_LT_SHLIB_USE_NO_UNDEFINED_FALSE=''
CURL_LT_SHLIB_USE_NO_UNDEFINED_TRUE=''
CURL_LT_SHLIB_USE_VERSIONED_SYMBOLS_FALSE=''
CURL_LT_SHLIB_USE_VERSIONED_SYMBOLS_TRUE=''
CURL_LT_SHLIB_USE_VERSION_INFO_FALSE=''
CURL_LT_SHLIB_USE_VERSION_INFO_TRUE=''
CURL_LT_SHLIB_VERSIONED_FLAVOUR=''
CURL_NETWORK_AND_TIME_LIBS=''
CURL_NETWORK_LIBS=''
CURL_PLIST_VERSION=''
CURL_WITH_MULTI_SSL=''
CYGPATH_W='echo'
DEFAULT_SSL_BACKEND=''
DEFS=''
DEPDIR='.deps'
DLLTOOL=''
DOING_CURL_SYMBOL_HIDING_FALSE=''
DOING_CURL_SYMBOL_HIDING_TRUE=''
DOING_NATIVE_WINDOWS_FALSE=''
DOING_NATIVE_WINDOWS_TRUE=''
DSYMUTIL=''
DUMPBIN=''
ECHO_C=''
ECHO_N='-n'
ECHO_T=''
EGREP='/usr/bin/grep -E'
ENABLE_SHARED=''
ENABLE_STATIC=''
ETAGS='etags'
EXEEXT=''
FGREP=''
FILECMD=''
FISH_FUNCTIONS_DIR=''
GCOV=''
GREP='/usr/bin/grep'
HAVE_BROTLI=''
HAVE_GNUTLS_SRP=''
HAVE_LDAP_SSL=''
HAVE_LIBZ=''
HAVE_LIBZ_FALSE=''
HAVE_LIBZ_TRUE=''
HAVE_OPENSSL_QUIC=''
HAVE_OPENSSL_SRP=''
HAVE_PROTO_BSDSOCKET_H=''
HAVE_WINDRES_FALSE=''
HAVE_WINDRES_TRUE=''
HAVE_ZSTD=''
HTTPD=''
HTTPD_NGHTTPX=''
IDN_ENABLED=''
INSTALL_DATA='${INSTALL} -m 644'
INSTALL_PROGRAM='${INSTALL}'
INSTALL_SCRIPT='${INSTALL}'
INSTALL_STRIP_PROGRAM='$(install_sh) -c -s'
IPV6_ENABLED=''
LCOV=''
LD=''
LDFLAGS=''
LIBCURL_LIBS=''
LIBCURL_NO_SHARED=''
LIBOBJS=''
LIBS=''
LIBTOOL=''
LIPO=''
LN_S=''
LTLIBOBJS=''
LT_SYS_LIBRARY_PATH=''
MAINT='#'
MAINTAINER_MODE_FALSE=''
MAINTAINER_MODE_TRUE='#'
MAKEINFO='${SHELL} '\''/home/osboxes/Downloads/curl-8.6.0/missing'\'' makeinfo'
MANIFEST_TOOL=''
MANOPT=''
MKDIR_P='/usr/bin/mkdir -p'
NM=''
NMEDIT=''
NROFF=''
OBJDUMP=''
OBJEXT='o'
OTOOL64=''
OTOOL=''
PACKAGE='curl'
PACKAGE_BUGREPORT='a suitable curl mailing list: https://curl.se/mail/'
PACKAGE_NAME='curl'
PACKAGE_STRING='curl -'
PACKAGE_TARNAME='curl'
PACKAGE_URL=''
PACKAGE_VERSION='-'
PATH_SEPARATOR=':'
PERL=''
PKGADD_NAME='curl - a client that groks URLs'
PKGADD_PKG='HAXXcurl'
PKGADD_VENDOR='curl.se'
PKGCONFIG=''
RANDOM_FILE=''
RANLIB=''
RC=''
REQUIRE_LIB_DEPS=''
SED='/usr/bin/sed'
SET_MAKE=''
SHELL='/bin/bash'
SSL_BACKENDS=''
SSL_ENABLED=''
SSL_LIBS=''
STRIP=''
SUPPORT_FEATURES=''
SUPPORT_PROTOCOLS=''
TEST_NGHTTPX='nghttpx'
USE_ARES=''
USE_BEARSSL=''
USE_CPPFLAG_CURL_STATICLIB_FALSE=''
USE_CPPFLAG_CURL_STATICLIB_TRUE=''
USE_EXPLICIT_LIB_DEPS_FALSE=''
USE_EXPLICIT_LIB_DEPS_TRUE=''
USE_GNUTLS=''
USE_GSASL_FALSE=''
USE_GSASL_TRUE=''
USE_HYPER=''
USE_LIBPSL_FALSE=''
USE_LIBPSL_TRUE=''
USE_LIBRTMP=''
USE_LIBSSH2=''
USE_LIBSSH=''
USE_MANUAL_FALSE=''
USE_MANUAL_TRUE=''
USE_MBEDTLS=''
USE_MSH3=''
USE_NGHTTP2=''
USE_NGHTTP3=''
USE_NGTCP2=''
USE_NGTCP2_CRYPTO_BORINGSSL=''
USE_NGTCP2_CRYPTO_GNUTLS=''
USE_NGTCP2_CRYPTO_QUICTLS=''
USE_NGTCP2_CRYPTO_WOLFSSL=''
USE_NGTCP2_H3=''
USE_OPENLDAP=''
USE_OPENSSL_H3=''
USE_OPENSSL_QUIC=''
USE_QUICHE=''
USE_RUSTLS=''
USE_SCHANNEL=''
USE_SECTRANSP=''
USE_UNIX_SOCKETS=''
USE_WIN32_CRYPTO=''
USE_WIN32_LARGE_FILES=''
USE_WIN32_SMALL_FILES=''
USE_WINDOWS_SSPI=''
USE_WOLFSSH=''
USE_WOLFSSL=''
VERSION='-'
VERSIONNUM='080600'
ZLIB_LIBS=''
ZSH_FUNCTIONS_DIR=''
ac_ct_AR=''
ac_ct_CC='gcc'
ac_ct_DUMPBIN=''
am__EXEEXT_FALSE=''
am__EXEEXT_TRUE=''
am__fastdepCC_FALSE='#'
am__fastdepCC_TRUE=''
am__include='include'
am__isrc=''
am__leading_dot='.'
am__nodep='_no'
am__quote=''
am__tar='$${TAR-tar} chof - "$$tardir"'
am__untar='$${TAR-tar} xf -'
bindir='${exec_prefix}/bin'
build=''
build_alias=''
build_cpu=''
build_os=''
build_vendor=''
datadir='${datarootdir}'
datarootdir='${prefix}/share'
docdir='${datarootdir}/doc/${PACKAGE_TARNAME}'
dvidir='${docdir}'
exec_prefix='NONE'
host=''
host_alias=''
host_cpu=''
host_os=''
host_vendor=''
htmldir='${docdir}'
includedir='${prefix}/include'
infodir='${datarootdir}/info'
install_sh='${SHELL} /home/osboxes/Downloads/curl-8.6.0/install-sh'
libdir='${exec_prefix}/lib'
libexecdir='${exec_prefix}/libexec'
libext=''
localedir='${datarootdir}/locale'
localstatedir='${prefix}/var'
mandir='${datarootdir}/man'
mkdir_p='$(MKDIR_P)'
oldincludedir='/usr/include'
pdfdir='${docdir}'
prefix='NONE'
program_transform_name='s,x,x,'
psdir='${docdir}'
runstatedir='${localstatedir}/run'
sbindir='${exec_prefix}/sbin'
sharedstatedir='${prefix}/com'
sysconfdir='${prefix}/etc'
target_alias=''

## ----------- ##
## confdefs.h. ##
## ----------- ##

/* confdefs.h */
#define PACKAGE_NAME "curl"
#define PACKAGE_TARNAME "curl"
#define PACKAGE_VERSION "-"
#define PACKAGE_STRING "curl -"
#define PACKAGE_BUGREPORT "a suitable curl mailing list: https://curl.se/mail/"
#define PACKAGE_URL ""
#define HAVE_STDIO_H 1
#define HAVE_STDLIB_H 1
#define HAVE_STRING_H 1
#define HAVE_INTTYPES_H 1
#define HAVE_STDINT_H 1
#define HAVE_STRINGS_H 1
#define HAVE_SYS_STAT_H 1
#define HAVE_SYS_TYPES_H 1
#define HAVE_UNISTD_H 1
#define STDC_HEADERS 1
#define HAVE_STDATOMIC_H 1
#define HAVE_ATOMIC 1
#define PACKAGE "curl"
#define VERSION "-"

configure: exit 1
